This is XeTeX, Version 3.141592653-2.6-0.999994 (TeX Live 2022) (preloaded format=xelatex 2022.8.18)  29 NOV 2022 17:36
entering extended mode
 restricted \write18 enabled.
 file:line:error style messages enabled.
 %&-line parsing enabled.
**main.tex
(./main.tex
LaTeX2e <2021-11-15> patch level 1
L3 programming layer <2022-02-24>
(/usr/local/texlive/2022/texmf-dist/tex/latex/base/article.cls
Document Class: article 2021/10/04 v1.4n Standard LaTeX document class
(/usr/local/texlive/2022/texmf-dist/tex/latex/base/size10.clo
File: size10.clo 2021/10/04 v1.4n Standard LaTeX file (size option)
)
\c@part=\count181
\c@section=\count182
\c@subsection=\count183
\c@subsubsection=\count184
\c@paragraph=\count185
\c@subparagraph=\count186
\c@figure=\count187
\c@table=\count188
\abovecaptionskip=\skip47
\belowcaptionskip=\skip48
\bibindent=\dimen138
)
(/usr/local/texlive/2022/texmf-dist/tex/latex/geometry/geometry.sty
Package: geometry 2020/01/02 v5.9 Page Geometry

(/usr/local/texlive/2022/texmf-dist/tex/latex/graphics/keyval.sty
Package: keyval 2014/10/28 v1.15 key=value parser (DPC)
\KV@toks@=\toks16
)
(/usr/local/texlive/2022/texmf-dist/tex/generic/iftex/ifvtex.sty
Package: ifvtex 2019/10/25 v1.7 ifvtex legacy package. Use iftex instead.

(/usr/local/texlive/2022/texmf-dist/tex/generic/iftex/iftex.sty
Package: iftex 2022/02/03 v1.0f TeX engine tests
))
\Gm@cnth=\count189
\Gm@cntv=\count190
\c@Gm@tempcnt=\count191
\Gm@bindingoffset=\dimen139
\Gm@wd@mp=\dimen140
\Gm@odd@mp=\dimen141
\Gm@even@mp=\dimen142
\Gm@layoutwidth=\dimen143
\Gm@layoutheight=\dimen144
\Gm@layouthoffset=\dimen145
\Gm@layoutvoffset=\dimen146
\Gm@dimlist=\toks17
)
(/usr/local/texlive/2022/texmf-dist/tex/latex/sttools/flushend.sty
Package: flushend 2021/10/04 v4.0 Balancing columns in twocolumn mode
\flushend@@lastskip@a=\skip49
\flushend@@lastskip@b=\skip50
\flushend@@lastnode=\count192
\var@@loop@iter=\count193
\var@@temp@spread=\dimen147
\var@@temp@a=\dimen148
\var@@temp@loop=\dimen149
\flushend@@page@rule=\dimen150
\flushend@@varbox@lastpage=\box50
\flushend@@varbox@a=\box51
\flushend@@varbox@c=\box52
\flushend@@tempbox@a=\box53
\flushend@@tempbox@c=\box54
\flushend@@floatbox=\box55
\@viper=\box56
\hold@viper=\box57
\atColsBreak=\toks18
\atColsEnd=\toks19
\oldbreak@skip=\dimen151
)
(/usr/local/texlive/2022/texmf-dist/tex/latex/hyphenat/hyphenat.sty
Package: hyphenat 2009/09/02 v2.3c hyphenation utilities
\langwohyphens=\language87
LaTeX Info: Redefining \_ on input line 43.
)
(/usr/local/texlive/2022/texmf-dist/tex/latex/titlesec/titlesec.sty
Package: titlesec 2021/07/05 v2.14 Sectioning titles
\ttl@box=\box58
\beforetitleunit=\skip51
\aftertitleunit=\skip52
\ttl@plus=\dimen152
\ttl@minus=\dimen153
\ttl@toksa=\toks20
\titlewidth=\dimen154
\titlewidthlast=\dimen155
\titlewidthfirst=\dimen156
)
(/usr/local/texlive/2022/texmf-dist/tex/latex/tools/multicol.sty
Package: multicol 2021/10/28 v1.9b multicolumn formatting (FMi)
\c@tracingmulticols=\count194


Package multicol Warning: May not work with the twocolumn option on input line 
142.

\mult@box=\box59
\multicol@leftmargin=\dimen157
\c@unbalance=\count195
\c@collectmore=\count196
\doublecol@number=\count197
\multicoltolerance=\count198
\multicolpretolerance=\count199
\full@width=\dimen158
\page@free=\dimen159
\premulticols=\dimen160
\postmulticols=\dimen161
\multicolsep=\skip53
\multicolbaselineskip=\skip54
\partial@page=\box60
\last@line=\box61
\maxbalancingoverflow=\dimen162
\mult@rightbox=\box62
\mult@grightbox=\box63
\mult@firstbox=\box64
\mult@gfirstbox=\box65
\@tempa=\box66
\@tempa=\box67
\@tempa=\box68
\@tempa=\box69
\@tempa=\box70
\@tempa=\box71
\@tempa=\box72
\@tempa=\box73
\@tempa=\box74
\@tempa=\box75
\@tempa=\box76
\@tempa=\box77
\@tempa=\box78
\@tempa=\box79
\@tempa=\box80
\@tempa=\box81
\@tempa=\box82
\@tempa=\box83
\@tempa=\box84
\@tempa=\box85
\@tempa=\box86
\@tempa=\box87
\@tempa=\box88
\@tempa=\box89
\@tempa=\box90
\@tempa=\box91
\@tempa=\box92
\@tempa=\box93
\@tempa=\box94
\@tempa=\box95
\@tempa=\box96
\@tempa=\box97
\@tempa=\box98
\@tempa=\box99
\@tempa=\box100
\@tempa=\box101
\c@minrows=\count266
\c@columnbadness=\count267
\c@finalcolumnbadness=\count268
\last@try=\dimen163
\multicolovershoot=\dimen164
\multicolundershoot=\dimen165
\mult@nat@firstbox=\box102
\colbreak@box=\box103
\mc@col@check@num=\count269
) (/usr/local/texlive/2022/texmf-dist/tex/latex/lineno/lineno.sty
Package: lineno 2005/11/02 line numbers on paragraphs v4.41
Invalid UTF-8 byte or sequence at line 296 replaced by U+FFFD.
\linenopenalty=\count270
\output=\toks21
\linenoprevgraf=\count271
\linenumbersep=\dimen166
\linenumberwidth=\dimen167
\c@linenumber=\count272
\c@pagewiselinenumber=\count273
\c@LN@truepage=\count274
\c@internallinenumber=\count275
\c@internallinenumbers=\count276
\quotelinenumbersep=\dimen168
\bframerule=\dimen169
\bframesep=\dimen170
\bframebox=\box104
LaTeX Info: Redefining \\ on input line 3056.
)
(/usr/local/texlive/2022/texmf-dist/tex/latex/graphics/color.sty
Package: color 2021/12/07 v1.3c Standard LaTeX Color (DPC)

(/usr/local/texlive/2022/texmf-dist/tex/latex/graphics-cfg/color.cfg
File: color.cfg 2016/01/02 v1.6 sample color configuration
)
Package color Info: Driver file: xetex.def on input line 149.

(/usr/local/texlive/2022/texmf-dist/tex/latex/graphics-def/xetex.def
File: xetex.def 2021/03/18 v5.0k Graphics/color driver for xetex
))
(/usr/local/texlive/2022/texmf-dist/tex/latex/fontspec/fontspec.sty
(/usr/local/texlive/2022/texmf-dist/tex/latex/l3packages/xparse/xparse.sty
(/usr/local/texlive/2022/texmf-dist/tex/latex/l3kernel/expl3.sty
Package: expl3 2022-02-24 L3 programming layer (loader) 

(/usr/local/texlive/2022/texmf-dist/tex/latex/l3backend/l3backend-xetex.def
File: l3backend-xetex.def 2022-02-07 L3 backend support: XeTeX

(|extractbb --version)
\c__kernel_sys_dvipdfmx_version_int=\count277
\l__color_backend_stack_int=\count278
\g__color_backend_stack_int=\count279
\g__graphics_track_int=\count280
\l__pdf_internal_box=\box105
\g__pdf_backend_object_int=\count281
\g__pdf_backend_annotation_int=\count282
\g__pdf_backend_link_int=\count283
))
Package: xparse 2022-01-12 L3 Experimental document command parser
)
Package: fontspec 2022/01/15 v2.8a Font selection for XeLaTeX and LuaLaTeX

(/usr/local/texlive/2022/texmf-dist/tex/latex/fontspec/fontspec-xetex.sty
Package: fontspec-xetex 2022/01/15 v2.8a Font selection for XeLaTeX and LuaLaTe
X
\l__fontspec_script_int=\count284
\l__fontspec_language_int=\count285
\l__fontspec_strnum_int=\count286
\l__fontspec_tmp_int=\count287
\l__fontspec_tmpa_int=\count288
\l__fontspec_tmpb_int=\count289
\l__fontspec_tmpc_int=\count290
\l__fontspec_em_int=\count291
\l__fontspec_emdef_int=\count292
\l__fontspec_strong_int=\count293
\l__fontspec_strongdef_int=\count294
\l__fontspec_tmpa_dim=\dimen171
\l__fontspec_tmpb_dim=\dimen172
\l__fontspec_tmpc_dim=\dimen173

(/usr/local/texlive/2022/texmf-dist/tex/latex/base/fontenc.sty
Package: fontenc 2021/04/29 v2.0v Standard LaTeX package
)
(/usr/local/texlive/2022/texmf-dist/tex/latex/fontspec/fontspec.cfg)))
(/usr/local/texlive/2022/texmf-dist/tex/latex/polyglossia/polyglossia.sty
Package: polyglossia 2021/04/12 v1.53 Modern multilingual typesetting with XeLa
TeX and LuaLaTeX

(/usr/local/texlive/2022/texmf-dist/tex/latex/etoolbox/etoolbox.sty
Package: etoolbox 2020/10/05 v2.5k e-TeX tools for LaTeX (JAW)
\etb@tempcnta=\count295
)
(/usr/local/texlive/2022/texmf-dist/tex/latex/makecmds/makecmds.sty
Package: makecmds 2009/09/03 v1.0a extra command making commands
)
(/usr/local/texlive/2022/texmf-dist/tex/latex/xkeyval/xkeyval.sty
Package: xkeyval 2020/11/20 v2.8 package option processing (HA)

(/usr/local/texlive/2022/texmf-dist/tex/generic/xkeyval/xkeyval.tex
(/usr/local/texlive/2022/texmf-dist/tex/generic/xkeyval/xkvutils.tex
\XKV@toks=\toks22
\XKV@tempa@toks=\toks23
)
\XKV@depth=\count296
File: xkeyval.tex 2014/12/03 v2.7a key=value parser (HA)
))
(/usr/local/texlive/2022/texmf-dist/tex/latex/l3packages/l3keys2e/l3keys2e.sty
Package: l3keys2e 2022-01-12 LaTeX2e option processing using LaTeX3 keys
)

LaTeX hooks Warning: Generic hook 'file/after/tracklang.sty' is deprecated.
(hooks)              Use hook 'file/tracklang.sty/after' instead.


LaTeX hooks Warning: Generic hook 'package/after/bidi' is deprecated.
(hooks)              Use hook 'package/bidi/after' instead.


LaTeX hooks Warning: Generic hook 'package/after/luabidi' is deprecated.
(hooks)              Use hook 'package/luabidi/after' instead.

\xpg@normalclass=\XeTeXcharclass1
(/usr/local/texlive/2022/texmf-dist/tex/latex/polyglossia/gloss-latex.ldf
File: gloss-latex.ldf polyglossia: module for default language
The property list \polyglossia@langsetup contains the pairs (without outer
braces):
>  {latex/script}  =>  {latin}
>  {latex/lcscript}  =>  {latin}
>  {latex/scripttag}  =>  {}
>  {latex/language}  =>  {Latex}
>  {latex/langtag}  =>  {ENG}
>  {latex/bcp47}  =>  {}
>  {latex/hyphennames}  =>  {english}
>  {latex/direction}  =>  {LR}
>  {latex/hyphenmins}  =>  {2,3}
>  {latex/frenchspacing}  =>  {false}
>  {latex/indentfirst}  =>  {false}
>  {latex/fontsetup}  =>  {true}
>  {latex/envname}  =>  {latex}
>  {latex/babelname}  =>  {latex}
>  {latex/localnumeral}  =>  {polyglossia@C@localnumeral}
>  {latex/Localnumeral}  =>  {polyglossia@C@localnumeral}.
)
Package polyglossia Info: Default language is latex.
)
(/usr/local/texlive/2022/texmf-dist/tex/latex/amsfonts/amsfonts.sty
Package: amsfonts 2013/01/14 v3.01 Basic AMSFonts support
\@emptytoks=\toks24
\symAMSa=\mathgroup4
\symAMSb=\mathgroup5
LaTeX Font Info:    Redeclaring math symbol \hbar on input line 98.
LaTeX Font Info:    Overwriting math alphabet `\mathfrak' in version `bold'
(Font)                  U/euf/m/n --> U/euf/b/n on input line 106.
)
(/usr/local/texlive/2022/texmf-dist/tex/latex/amsmath/amsmath.sty
Package: amsmath 2021/10/15 v2.17l AMS math features
\@mathmargin=\skip55

For additional information on amsmath, use the `?' option.
(/usr/local/texlive/2022/texmf-dist/tex/latex/amsmath/amstext.sty
Package: amstext 2021/08/26 v2.01 AMS text

(/usr/local/texlive/2022/texmf-dist/tex/latex/amsmath/amsgen.sty
File: amsgen.sty 1999/11/30 v2.0 generic functions
\@emptytoks=\toks25
\ex@=\dimen174
))
(/usr/local/texlive/2022/texmf-dist/tex/latex/amsmath/amsbsy.sty
Package: amsbsy 1999/11/29 v1.2d Bold Symbols
\pmbraise@=\dimen175
)
(/usr/local/texlive/2022/texmf-dist/tex/latex/amsmath/amsopn.sty
Package: amsopn 2021/08/26 v2.02 operator names
)
\inf@bad=\count297
LaTeX Info: Redefining \frac on input line 234.
\uproot@=\count298
\leftroot@=\count299
LaTeX Info: Redefining \overline on input line 399.
\classnum@=\count300
\DOTSCASE@=\count301
LaTeX Info: Redefining \ldots on input line 496.
LaTeX Info: Redefining \dots on input line 499.
LaTeX Info: Redefining \cdots on input line 620.
\Mathstrutbox@=\box106
\strutbox@=\box107
\big@size=\dimen176
LaTeX Font Info:    Redeclaring font encoding OML on input line 743.
LaTeX Font Info:    Redeclaring font encoding OMS on input line 744.
\macc@depth=\count302
\c@MaxMatrixCols=\count303
\dotsspace@=\muskip16
\c@parentequation=\count304
\dspbrk@lvl=\count305
\tag@help=\toks26
\row@=\count306
\column@=\count307
\maxfields@=\count308
\andhelp@=\toks27
\eqnshift@=\dimen177
\alignsep@=\dimen178
\tagshift@=\dimen179
\tagwidth@=\dimen180
\totwidth@=\dimen181
\lineht@=\dimen182
\@envbody=\toks28
\multlinegap=\skip56
\multlinetaggap=\skip57
\mathdisplay@stack=\toks29
LaTeX Info: Redefining \[ on input line 2938.
LaTeX Info: Redefining \] on input line 2939.
)
(/usr/local/texlive/2022/texmf-dist/tex/latex/ragged2e/ragged2e.sty
Package: ragged2e 2021/12/15 v3.1 ragged2e Package
\CenteringLeftskip=\skip58
\RaggedLeftLeftskip=\skip59
\RaggedRightLeftskip=\skip60
\CenteringRightskip=\skip61
\RaggedLeftRightskip=\skip62
\RaggedRightRightskip=\skip63
\CenteringParfillskip=\skip64
\RaggedLeftParfillskip=\skip65
\RaggedRightParfillskip=\skip66
\JustifyingParfillskip=\skip67
\CenteringParindent=\skip68
\RaggedLeftParindent=\skip69
\RaggedRightParindent=\skip70
\JustifyingParindent=\skip71
)
(/usr/local/texlive/2022/texmf-dist/tex/latex/lipsum/lipsum.sty
Package: lipsum 2021-09-20 v2.7 150 paragraphs of Lorem Ipsum dummy text
\g__lipsum_par_int=\count309
\l__lipsum_a_int=\count310
\l__lipsum_b_int=\count311

(/usr/local/texlive/2022/texmf-dist/tex/latex/lipsum/lipsum.ltd.tex))
(/usr/local/texlive/2022/texmf-dist/tex/latex/polyglossia/gloss-thai.ldf
File: gloss-thai.ldf polyglossia: module for thai
The property list \polyglossia@langsetup contains the pairs (without outer
braces):
>  {latex/script}  =>  {latin}
>  {latex/lcscript}  =>  {latin}
>  {latex/scripttag}  =>  {}
>  {latex/language}  =>  {Latex}
>  {latex/langtag}  =>  {ENG}
>  {latex/bcp47}  =>  {}
>  {latex/hyphennames}  =>  {english}
>  {latex/direction}  =>  {LR}
>  {latex/hyphenmins}  =>  {2,3}
>  {latex/frenchspacing}  =>  {false}
>  {latex/indentfirst}  =>  {false}
>  {latex/fontsetup}  =>  {true}
>  {latex/envname}  =>  {latex}
>  {latex/babelname}  =>  {latex}
>  {latex/localnumeral}  =>  {polyglossia@C@localnumeral}
>  {latex/Localnumeral}  =>  {polyglossia@C@localnumeral}
>  {thai/script}  =>  {Thai}
>  {thai/lcscript}  =>  {thai}
>  {thai/scripttag}  =>  {thai}
>  {thai/language}  =>  {Thai}
>  {thai/langtag}  =>  {THA}
>  {thai/bcp47}  =>  {th}
>  {thai/hyphennames}  =>  {nohyphenation}
>  {thai/direction}  =>  {LR}
>  {thai/hyphenmins}  =>  {2,3}
>  {thai/frenchspacing}  =>  {false}
>  {thai/indentfirst}  =>  {false}
>  {thai/fontsetup}  =>  {true}
>  {thai/envname}  =>  {thai}
>  {thai/babelname}  =>  {thai}
>  {thai/localnumeral}  =>  {thainumerals}
>  {thai/Localnumeral}  =>  {thainumerals}.
)
Package polyglossia Info: Default language is thai.

(/usr/local/texlive/2022/texmf-dist/tex/latex/polyglossia/gloss-english.ldf
File: gloss-english.ldf polyglossia: module for english
The property list \polyglossia@langsetup contains the pairs (without outer
braces):
>  {latex/script}  =>  {latin}
>  {latex/lcscript}  =>  {latin}
>  {latex/scripttag}  =>  {}
>  {latex/language}  =>  {Latex}
>  {latex/langtag}  =>  {ENG}
>  {latex/bcp47}  =>  {}
>  {latex/hyphennames}  =>  {english}
>  {latex/direction}  =>  {LR}
>  {latex/hyphenmins}  =>  {2,3}
>  {latex/frenchspacing}  =>  {false}
>  {latex/indentfirst}  =>  {false}
>  {latex/fontsetup}  =>  {true}
>  {latex/envname}  =>  {latex}
>  {latex/babelname}  =>  {latex}
>  {latex/localnumeral}  =>  {polyglossia@C@localnumeral}
>  {latex/Localnumeral}  =>  {polyglossia@C@localnumeral}
>  {thai/script}  =>  {Thai}
>  {thai/lcscript}  =>  {thai}
>  {thai/scripttag}  =>  {thai}
>  {thai/language}  =>  {Thai}
>  {thai/langtag}  =>  {THA}
>  {thai/bcp47}  =>  {th}
>  {thai/hyphennames}  =>  {nohyphenation}
>  {thai/direction}  =>  {LR}
>  {thai/hyphenmins}  =>  {2,3}
>  {thai/frenchspacing}  =>  {false}
>  {thai/indentfirst}  =>  {false}
>  {thai/fontsetup}  =>  {true}
>  {thai/envname}  =>  {thai}
>  {thai/babelname}  =>  {thai}
>  {thai/localnumeral}  =>  {thainumerals}
>  {thai/Localnumeral}  =>  {thainumerals}
>  {english/script}  =>  {latin}
>  {english/lcscript}  =>  {latin}
>  {english/scripttag}  =>  {}
>  {english/language}  =>  {English}
>  {english/langtag}  =>  {ENG}
>  {english/bcp47}  =>  {en-US}
>  {english/hyphennames}  =>  {english,american,usenglish,USenglish}
>  {english/direction}  =>  {LR}
>  {english/hyphenmins}  =>  {2,3}
>  {english/frenchspacing}  =>  {false}
>  {english/indentfirst}  =>  {false}
>  {english/fontsetup}  =>  {true}
>  {english/envname}  =>  {english}
>  {english/babelname}  =>  {english}
>  {english/localnumeral}  =>  {polyglossia@C@localnumeral}
>  {english/Localnumeral}  =>  {polyglossia@C@localnumeral}.
Package polyglossia Info: Option: English, variant=american.
)

./main.tex:20: LaTeX3 Error: The key 'fontspec-opentype/script' is unknown and 
is being
(LaTeX3)        ignored.

For immediate help type H <return>.
 ...                                              
                                                  
l.20 \setmonofont
                 {Consolas}

The module 'fontspec-opentype' does not have a key called
'fontspec-opentype/script'.
Check that you have spelled the key name correctly.



./main.tex:20: LaTeX3 Error: The key 'fontspec-opentype/script' is unknown and 
is being
(LaTeX3)        ignored.

For immediate help type H <return>.
 ...                                              
                                                  
l.20 \setmonofont
                 {Consolas}

The module 'fontspec-opentype' does not have a key called
'fontspec-opentype/script'.
Check that you have spelled the key name correctly.



./main.tex:20: LaTeX3 Error: The key 'fontspec-opentype/script' is unknown and 
is being
(LaTeX3)        ignored.

For immediate help type H <return>.
 ...                                              
                                                  
l.20 \setmonofont
                 {Consolas}

The module 'fontspec-opentype' does not have a key called
'fontspec-opentype/script'.
Check that you have spelled the key name correctly.



./main.tex:20: LaTeX3 Error: The key 'fontspec-opentype/script' is unknown and 
is being
(LaTeX3)        ignored.

For immediate help type H <return>.
 ...                                              
                                                  
l.20 \setmonofont
                 {Consolas}

The module 'fontspec-opentype' does not have a key called
'fontspec-opentype/script'.
Check that you have spelled the key name correctly.



./main.tex:20: LaTeX3 Error: The key 'fontspec-opentype/script' is unknown and 
is being
(LaTeX3)        ignored.

For immediate help type H <return>.
 ...                                              
                                                  
l.20 \setmonofont
                 {Consolas}

The module 'fontspec-opentype' does not have a key called
'fontspec-opentype/script'.
Check that you have spelled the key name correctly.



Package fontspec Info: Font family 'Laksaman(0)' created for font 'Laksaman'
(fontspec)             with options [Ligatures=TeX,script=thai].
(fontspec)              
(fontspec)              This font family consists of the following NFSS
(fontspec)             series/shapes:
(fontspec)              
(fontspec)             - 'normal' (m/n) with NFSS spec.:
(fontspec)             <->"Laksaman/OT:script=latn;language=dflt;mapping=tex-te
xt;"
(fontspec)             - 'small caps'  (m/sc) with NFSS spec.: 
(fontspec)             - 'bold' (b/n) with NFSS spec.:
(fontspec)             <->"Laksaman/B/OT:script=latn;language=dflt;mapping=tex-
text;"
(fontspec)             - 'bold small caps'  (b/sc) with NFSS spec.: 
(fontspec)             - 'italic' (m/it) with NFSS spec.:
(fontspec)             <->"Laksaman/I/OT:script=latn;language=dflt;mapping=tex-
text;"
(fontspec)             - 'italic small caps'  (m/scit) with NFSS spec.: 
(fontspec)             - 'bold italic' (b/it) with NFSS spec.:
(fontspec)             <->"Laksaman/BI/OT:script=latn;language=dflt;mapping=tex
-text;"
(fontspec)             - 'bold italic small caps'  (b/scit) with NFSS spec.: 


Package fontspec Info: Font family 'Consolas(0)' created for font 'Consolas'
(fontspec)             with options
(fontspec)             [WordSpace={1,0,0},HyphenChar=None,PunctuationSpace=Word
Space].
(fontspec)              
(fontspec)              This font family consists of the following NFSS
(fontspec)             series/shapes:
(fontspec)              
(fontspec)             - 'normal' (m/n) with NFSS spec.:
(fontspec)             <->"Consolas/OT:script=latn;language=dflt;"
(fontspec)             - 'small caps'  (m/sc) with NFSS spec.: 
(fontspec)             and font adjustment code:
(fontspec)             \fontdimen 2\font =1\fontdimen 2\font \fontdimen 3\font
(fontspec)             =0\fontdimen 3\font \fontdimen 4\font =0\fontdimen
(fontspec)             4\font \fontdimen 7\font =0\fontdimen 2\font
(fontspec)             \tex_hyphenchar:D \font =-1\scan_stop: 
(fontspec)             - 'bold' (b/n) with NFSS spec.:
(fontspec)             <->"Consolas/B/OT:script=latn;language=dflt;"
(fontspec)             - 'bold small caps'  (b/sc) with NFSS spec.: 
(fontspec)             and font adjustment code:
(fontspec)             \fontdimen 2\font =1\fontdimen 2\font \fontdimen 3\font
(fontspec)             =0\fontdimen 3\font \fontdimen 4\font =0\fontdimen
(fontspec)             4\font \fontdimen 7\font =0\fontdimen 2\font
(fontspec)             \tex_hyphenchar:D \font =-1\scan_stop: 
(fontspec)             - 'italic' (m/it) with NFSS spec.:
(fontspec)             <->"Consolas/I/OT:script=latn;language=dflt;"
(fontspec)             - 'italic small caps'  (m/scit) with NFSS spec.: 
(fontspec)             and font adjustment code:
(fontspec)             \fontdimen 2\font =1\fontdimen 2\font \fontdimen 3\font
(fontspec)             =0\fontdimen 3\font \fontdimen 4\font =0\fontdimen
(fontspec)             4\font \fontdimen 7\font =0\fontdimen 2\font
(fontspec)             \tex_hyphenchar:D \font =-1\scan_stop: 
(fontspec)             - 'bold italic' (b/it) with NFSS spec.:
(fontspec)             <->"Consolas/BI/OT:script=latn;language=dflt;"
(fontspec)             - 'bold italic small caps'  (b/scit) with NFSS spec.: 
(fontspec)             and font adjustment code:
(fontspec)             \fontdimen 2\font =1\fontdimen 2\font \fontdimen 3\font
(fontspec)             =0\fontdimen 3\font \fontdimen 4\font =0\fontdimen
(fontspec)             4\font \fontdimen 7\font =0\fontdimen 2\font
(fontspec)             \tex_hyphenchar:D \font =-1\scan_stop: 


LaTeX Warning: Unused global option(s):
    [10.5pt,thai].

(/Users/vivatsathornthitasirivit/Desktop/git_target/quad_tree/out/main.aux
LaTeX Info: Redefining \rmfamily on input line 3.
LaTeX Info: Redefining \sffamily on input line 3.
LaTeX Info: Redefining \ttfamily on input line 3.


/Users/vivatsathornthitasirivit/Desktop/git_target/quad_tree/out/main.aux:3: La
TeX3 Error: The key 'fontspec-opentype/script' is unknown and is being
(LaTeX3)        ignored.

For immediate help type H <return>.
 ...                                              
                                                  
l.3 \selectlanguage *{thai}
                           

The module 'fontspec-opentype' does not have a key called
'fontspec-opentype/script'.
Check that you have spelled the key name correctly.



/Users/vivatsathornthitasirivit/Desktop/git_target/quad_tree/out/main.aux:3: La
TeX3 Error: The key 'fontspec-opentype/script' is unknown and is being
(LaTeX3)        ignored.

For immediate help type H <return>.
 ...                                              
                                                  
l.3 \selectlanguage *{thai}
                           

The module 'fontspec-opentype' does not have a key called
'fontspec-opentype/script'.
Check that you have spelled the key name correctly.



/Users/vivatsathornthitasirivit/Desktop/git_target/quad_tree/out/main.aux:3: La
TeX3 Error: The key 'fontspec-opentype/script' is unknown and is being
(LaTeX3)        ignored.

For immediate help type H <return>.
 ...                                              
                                                  
l.3 \selectlanguage *{thai}
                           

The module 'fontspec-opentype' does not have a key called
'fontspec-opentype/script'.
Check that you have spelled the key name correctly.



/Users/vivatsathornthitasirivit/Desktop/git_target/quad_tree/out/main.aux:3: La
TeX3 Error: The key 'fontspec-opentype/script' is unknown and is being
(LaTeX3)        ignored.

For immediate help type H <return>.
 ...                                              
                                                  
l.3 \selectlanguage *{thai}
                           

The module 'fontspec-opentype' does not have a key called
'fontspec-opentype/script'.
Check that you have spelled the key name correctly.



/Users/vivatsathornthitasirivit/Desktop/git_target/quad_tree/out/main.aux:3: La
TeX3 Error: The key 'fontspec-opentype/script' is unknown and is being
(LaTeX3)        ignored.

For immediate help type H <return>.
 ...                                              
                                                  
l.3 \selectlanguage *{thai}
                           

The module 'fontspec-opentype' does not have a key called
'fontspec-opentype/script'.
Check that you have spelled the key name correctly.



Package fontspec Info: Font family 'Laksaman(1)' created for font 'Laksaman'
(fontspec)             with options [Ligatures=TeX,script=thai,Script=Thai].
(fontspec)              
(fontspec)              This font family consists of the following NFSS
(fontspec)             series/shapes:
(fontspec)              
(fontspec)             - 'normal' (m/n) with NFSS spec.:
(fontspec)             <->"Laksaman/OT:script=thai;language=dflt;mapping=tex-te
xt;"
(fontspec)             - 'small caps'  (m/sc) with NFSS spec.: 
(fontspec)             - 'bold' (b/n) with NFSS spec.:
(fontspec)             <->"Laksaman/B/OT:script=thai;language=dflt;mapping=tex-
text;"
(fontspec)             - 'bold small caps'  (b/sc) with NFSS spec.: 
(fontspec)             - 'italic' (m/it) with NFSS spec.:
(fontspec)             <->"Laksaman/I/OT:script=thai;language=dflt;mapping=tex-
text;"
(fontspec)             - 'italic small caps'  (m/scit) with NFSS spec.: 
(fontspec)             - 'bold italic' (b/it) with NFSS spec.:
(fontspec)             <->"Laksaman/BI/OT:script=thai;language=dflt;mapping=tex
-text;"
(fontspec)             - 'bold italic small caps'  (b/scit) with NFSS spec.: 


/Users/vivatsathornthitasirivit/Desktop/git_target/quad_tree/out/main.aux:3: La
TeX3 Error: The key 'fontspec-opentype/script' is unknown and is being
(LaTeX3)        ignored.

For immediate help type H <return>.
 ...                                              
                                                  
l.3 \selectlanguage *{thai}
                           

The module 'fontspec-opentype' does not have a key called
'fontspec-opentype/script'.
Check that you have spelled the key name correctly.



/Users/vivatsathornthitasirivit/Desktop/git_target/quad_tree/out/main.aux:3: La
TeX3 Error: The key 'fontspec-opentype/script' is unknown and is being
(LaTeX3)        ignored.

For immediate help type H <return>.
 ...                                              
                                                  
l.3 \selectlanguage *{thai}
                           

The module 'fontspec-opentype' does not have a key called
'fontspec-opentype/script'.
Check that you have spelled the key name correctly.



/Users/vivatsathornthitasirivit/Desktop/git_target/quad_tree/out/main.aux:3: La
TeX3 Error: The key 'fontspec-opentype/script' is unknown and is being
(LaTeX3)        ignored.

For immediate help type H <return>.
 ...                                              
                                                  
l.3 \selectlanguage *{thai}
                           

The module 'fontspec-opentype' does not have a key called
'fontspec-opentype/script'.
Check that you have spelled the key name correctly.



/Users/vivatsathornthitasirivit/Desktop/git_target/quad_tree/out/main.aux:3: La
TeX3 Error: The key 'fontspec-opentype/script' is unknown and is being
(LaTeX3)        ignored.

For immediate help type H <return>.
 ...                                              
                                                  
l.3 \selectlanguage *{thai}
                           

The module 'fontspec-opentype' does not have a key called
'fontspec-opentype/script'.
Check that you have spelled the key name correctly.



/Users/vivatsathornthitasirivit/Desktop/git_target/quad_tree/out/main.aux:3: La
TeX3 Error: The key 'fontspec-opentype/script' is unknown and is being
(LaTeX3)        ignored.

For immediate help type H <return>.
 ...                                              
                                                  
l.3 \selectlanguage *{thai}
                           

The module 'fontspec-opentype' does not have a key called
'fontspec-opentype/script'.
Check that you have spelled the key name correctly.



Package fontspec Info: Font family 'Laksaman(2)' created for font 'Laksaman'
(fontspec)             with options
(fontspec)             [Ligatures=TeX,script=thai,Script=Thai,Language=Thai].
(fontspec)              
(fontspec)              This font family consists of the following NFSS
(fontspec)             series/shapes:
(fontspec)              
(fontspec)             - 'normal' (m/n) with NFSS spec.:
(fontspec)             <->"Laksaman/OT:script=thai;language=THA;mapping=tex-tex
t;"
(fontspec)             - 'small caps'  (m/sc) with NFSS spec.: 
(fontspec)             - 'bold' (b/n) with NFSS spec.:
(fontspec)             <->"Laksaman/B/OT:script=thai;language=THA;mapping=tex-t
ext;"
(fontspec)             - 'bold small caps'  (b/sc) with NFSS spec.: 
(fontspec)             - 'italic' (m/it) with NFSS spec.:
(fontspec)             <->"Laksaman/I/OT:script=thai;language=THA;mapping=tex-t
ext;"
(fontspec)             - 'italic small caps'  (m/scit) with NFSS spec.: 
(fontspec)             - 'bold italic' (b/it) with NFSS spec.:
(fontspec)             <->"Laksaman/BI/OT:script=thai;language=THA;mapping=tex-
text;"
(fontspec)             - 'bold italic small caps'  (b/scit) with NFSS spec.: 

\thai@year=\count312
)
\openout1 = `main.aux'.

LaTeX Font Info:    Checking defaults for OML/cmm/m/it on input line 42.
LaTeX Font Info:    ... okay on input line 42.
LaTeX Font Info:    Checking defaults for OMS/cmsy/m/n on input line 42.
LaTeX Font Info:    ... okay on input line 42.
LaTeX Font Info:    Checking defaults for OT1/cmr/m/n on input line 42.
LaTeX Font Info:    ... okay on input line 42.
LaTeX Font Info:    Checking defaults for T1/cmr/m/n on input line 42.
LaTeX Font Info:    ... okay on input line 42.
LaTeX Font Info:    Checking defaults for TS1/cmr/m/n on input line 42.
LaTeX Font Info:    Trying to load font information for TS1+cmr on input line 4
2.
 (/usr/local/texlive/2022/texmf-dist/tex/latex/base/ts1cmr.fd
File: ts1cmr.fd 2019/12/16 v2.5j Standard LaTeX font definitions
)
LaTeX Font Info:    ... okay on input line 42.
LaTeX Font Info:    Checking defaults for TU/lmr/m/n on input line 42.
LaTeX Font Info:    ... okay on input line 42.
LaTeX Font Info:    Checking defaults for OMX/cmex/m/n on input line 42.
LaTeX Font Info:    ... okay on input line 42.
LaTeX Font Info:    Checking defaults for U/cmr/m/n on input line 42.
LaTeX Font Info:    ... okay on input line 42.

*geometry* driver: auto-detecting
*geometry* detected driver: xetex
*geometry* verbose mode - [ preamble ] result:
* driver: xetex
* paper: a4paper
* layout: <same size as paper>
* layoutoffset:(h,v)=(0.0pt,0.0pt)
* modes: 
* h-part:(L,W,R)=(71.13188pt, 455.24411pt, 71.13188pt)
* v-part:(T,H,B)=(56.9055pt, 702.78308pt, 85.35826pt)
* \paperwidth=597.50787pt
* \paperheight=845.04684pt
* \textwidth=455.24411pt
* \textheight=702.78308pt
* \oddsidemargin=-1.1381pt
* \evensidemargin=-1.1381pt
* \topmargin=-52.36449pt
* \headheight=12.0pt
* \headsep=25.0pt
* \topskip=10.0pt
* \footskip=30.0pt
* \marginparwidth=4.0pt
* \marginparsep=10.0pt
* \columnsep=10.0pt
* \skip\footins=9.0pt plus 4.0pt minus 2.0pt
* \hoffset=0.0pt
* \voffset=0.0pt
* \mag=1000
* \@twocolumntrue
* \@twosidefalse
* \@mparswitchfalse
* \@reversemarginfalse
* (1in=72.27pt=25.4mm, 1cm=28.453pt)


Package fontspec Info: Adjusting the maths setup (use [no-math] to avoid
(fontspec)             this).

\symlegacymaths=\mathgroup6
LaTeX Font Info:    Overwriting symbol font `legacymaths' in version `bold'
(Font)                  OT1/cmr/m/n --> OT1/cmr/bx/n on input line 42.
LaTeX Font Info:    Redeclaring math accent \acute on input line 42.
LaTeX Font Info:    Redeclaring math accent \grave on input line 42.
LaTeX Font Info:    Redeclaring math accent \ddot on input line 42.
LaTeX Font Info:    Redeclaring math accent \tilde on input line 42.
LaTeX Font Info:    Redeclaring math accent \bar on input line 42.
LaTeX Font Info:    Redeclaring math accent \breve on input line 42.
LaTeX Font Info:    Redeclaring math accent \check on input line 42.
LaTeX Font Info:    Redeclaring math accent \hat on input line 42.
LaTeX Font Info:    Redeclaring math accent \dot on input line 42.
LaTeX Font Info:    Redeclaring math accent \mathring on input line 42.
LaTeX Font Info:    Redeclaring math symbol \Gamma on input line 42.
LaTeX Font Info:    Redeclaring math symbol \Delta on input line 42.
LaTeX Font Info:    Redeclaring math symbol \Theta on input line 42.
LaTeX Font Info:    Redeclaring math symbol \Lambda on input line 42.
LaTeX Font Info:    Redeclaring math symbol \Xi on input line 42.
LaTeX Font Info:    Redeclaring math symbol \Pi on input line 42.
LaTeX Font Info:    Redeclaring math symbol \Sigma on input line 42.
LaTeX Font Info:    Redeclaring math symbol \Upsilon on input line 42.
LaTeX Font Info:    Redeclaring math symbol \Phi on input line 42.
LaTeX Font Info:    Redeclaring math symbol \Psi on input line 42.
LaTeX Font Info:    Redeclaring math symbol \Omega on input line 42.
LaTeX Font Info:    Redeclaring math symbol \mathdollar on input line 42.
LaTeX Font Info:    Redeclaring symbol font `operators' on input line 42.
LaTeX Font Info:    Encoding `OT1' has changed to `TU' for symbol font
(Font)              `operators' in the math version `normal' on input line 42.
LaTeX Font Info:    Overwriting symbol font `operators' in version `normal'
(Font)                  OT1/cmr/m/n --> TU/Laksaman(0)/m/n on input line 42.
LaTeX Font Info:    Encoding `OT1' has changed to `TU' for symbol font
(Font)              `operators' in the math version `bold' on input line 42.
LaTeX Font Info:    Overwriting symbol font `operators' in version `bold'
(Font)                  OT1/cmr/bx/n --> TU/Laksaman(0)/m/n on input line 42.
LaTeX Font Info:    Overwriting symbol font `operators' in version `normal'
(Font)                  TU/Laksaman(0)/m/n --> TU/Laksaman(0)/m/n on input line
 42.
LaTeX Font Info:    Overwriting math alphabet `\mathit' in version `normal'
(Font)                  OT1/cmr/m/it --> TU/Laksaman(0)/m/it on input line 42.
LaTeX Font Info:    Overwriting math alphabet `\mathbf' in version `normal'
(Font)                  OT1/cmr/bx/n --> TU/Laksaman(0)/b/n on input line 42.
LaTeX Font Info:    Overwriting math alphabet `\mathsf' in version `normal'
(Font)                  OT1/cmss/m/n --> TU/lmss/m/n on input line 42.
LaTeX Font Info:    Overwriting math alphabet `\mathtt' in version `normal'
(Font)                  OT1/cmtt/m/n --> TU/Consolas(0)/m/n on input line 42.
LaTeX Font Info:    Overwriting symbol font `operators' in version `bold'
(Font)                  TU/Laksaman(0)/m/n --> TU/Laksaman(0)/b/n on input line
 42.
LaTeX Font Info:    Overwriting math alphabet `\mathit' in version `bold'
(Font)                  OT1/cmr/bx/it --> TU/Laksaman(0)/b/it on input line 42.

LaTeX Font Info:    Overwriting math alphabet `\mathsf' in version `bold'
(Font)                  OT1/cmss/bx/n --> TU/lmss/b/n on input line 42.
LaTeX Font Info:    Overwriting math alphabet `\mathtt' in version `bold'
(Font)                  OT1/cmtt/m/n --> TU/Consolas(0)/b/n on input line 42.
LaTeX Info: Redefining \rmfamily on input line 42.
LaTeX Info: Redefining \sffamily on input line 42.
LaTeX Info: Redefining \ttfamily on input line 42.
LaTeX Info: Redefining \rmfamily on input line 42.
LaTeX Info: Redefining \sffamily on input line 42.
LaTeX Info: Redefining \ttfamily on input line 42.

./main.tex:42: LaTeX3 Error: The key 'fontspec-opentype/script' is unknown and 
is being
(LaTeX3)        ignored.

For immediate help type H <return>.
 ...                                              
                                                  
l.42 \begin{document}
                     

The module 'fontspec-opentype' does not have a key called
'fontspec-opentype/script'.
Check that you have spelled the key name correctly.



./main.tex:42: LaTeX3 Error: The key 'fontspec-opentype/script' is unknown and 
is being
(LaTeX3)        ignored.

For immediate help type H <return>.
 ...                                              
                                                  
l.42 \begin{document}
                     

The module 'fontspec-opentype' does not have a key called
'fontspec-opentype/script'.
Check that you have spelled the key name correctly.


\thai@year=\count313
LaTeX Font Info:    Trying to load font information for U+msa on input line 44.

(/usr/local/texlive/2022/texmf-dist/tex/latex/amsfonts/umsa.fd
File: umsa.fd 2013/01/14 v3.01 AMS symbols A
)
LaTeX Font Info:    Trying to load font information for U+msb on input line 44.


(/usr/local/texlive/2022/texmf-dist/tex/latex/amsfonts/umsb.fd
File: umsb.fd 2013/01/14 v3.01 AMS symbols B
)

./main.tex:47: LaTeX3 Error: The key 'fontspec-opentype/script' is unknown and 
is being
(LaTeX3)        ignored.

For immediate help type H <return>.
 ...                                              
                                                  
l.47     \section{บทนำ}
                        \label{sec:introduction}

The module 'fontspec-opentype' does not have a key called
'fontspec-opentype/script'.
Check that you have spelled the key name correctly.



./main.tex:47: LaTeX3 Error: The key 'fontspec-opentype/script' is unknown and 
is being
(LaTeX3)        ignored.

For immediate help type H <return>.
 ...                                              
                                                  
l.47     \section{บทนำ}
                        \label{sec:introduction}

The module 'fontspec-opentype' does not have a key called
'fontspec-opentype/script'.
Check that you have spelled the key name correctly.



./main.tex:50: LaTeX3 Error: The key 'fontspec-opentype/script' is unknown and 
is being
(LaTeX3)        ignored.

For immediate help type H <return>.
 ...                                              
                                                  
l.50 ...n{โครงสร้างข้อมูล Space Partitioning Tree}
                                                   \label{sec:spacepart}

The module 'fontspec-opentype' does not have a key called
'fontspec-opentype/script'.
Check that you have spelled the key name correctly.



./main.tex:50: LaTeX3 Error: The key 'fontspec-opentype/script' is unknown and 
is being
(LaTeX3)        ignored.

For immediate help type H <return>.
 ...                                              
                                                  
l.50 ...n{โครงสร้างข้อมูล Space Partitioning Tree}
                                                   \label{sec:spacepart}

The module 'fontspec-opentype' does not have a key called
'fontspec-opentype/script'.
Check that you have spelled the key name correctly.



./main.tex:53: LaTeX3 Error: The key 'fontspec-opentype/script' is unknown and 
is being
(LaTeX3)        ignored.

For immediate help type H <return>.
 ...                                              
                                                  
l.53     \section{รูปแบบการเก็บข้อมูลของ Quadtree}
                                                   \label{sec:data}

The module 'fontspec-opentype' does not have a key called
'fontspec-opentype/script'.
Check that you have spelled the key name correctly.



./main.tex:53: LaTeX3 Error: The key 'fontspec-opentype/script' is unknown and 
is being
(LaTeX3)        ignored.

For immediate help type H <return>.
 ...                                              
                                                  
l.53     \section{รูปแบบการเก็บข้อมูลของ Quadtree}
                                                   \label{sec:data}

The module 'fontspec-opentype' does not have a key called
'fontspec-opentype/script'.
Check that you have spelled the key name correctly.



./main.tex:56: LaTeX3 Error: The key 'fontspec-opentype/script' is unknown and 
is being
(LaTeX3)        ignored.

For immediate help type H <return>.
 ...                                              
                                                  
l.56     \section{การประยุกต์ใช้งาน Quadtree}
                                              \label{sec:app}

The module 'fontspec-opentype' does not have a key called
'fontspec-opentype/script'.
Check that you have spelled the key name correctly.



./main.tex:56: LaTeX3 Error: The key 'fontspec-opentype/script' is unknown and 
is being
(LaTeX3)        ignored.

For immediate help type H <return>.
 ...                                              
                                                  
l.56     \section{การประยุกต์ใช้งาน Quadtree}
                                              \label{sec:app}

The module 'fontspec-opentype' does not have a key called
'fontspec-opentype/script'.
Check that you have spelled the key name correctly.



./main.tex:58: LaTeX3 Error: The key 'fontspec-opentype/script' is unknown and 
is being
(LaTeX3)        ignored.

For immediate help type H <return>.
 ...                                              
                                                  
l.58     \subsection{การตรวจสอบการชนบนระนาบ}
                                             \label{subsec:collision}

The module 'fontspec-opentype' does not have a key called
'fontspec-opentype/script'.
Check that you have spelled the key name correctly.



./main.tex:58: LaTeX3 Error: The key 'fontspec-opentype/script' is unknown and 
is being
(LaTeX3)        ignored.

For immediate help type H <return>.
 ...                                              
                                                  
l.58     \subsection{การตรวจสอบการชนบนระนาบ}
                                             \label{subsec:collision}

The module 'fontspec-opentype' does not have a key called
'fontspec-opentype/script'.
Check that you have spelled the key name correctly.



./main.tex:61: LaTeX3 Error: The key 'fontspec-opentype/script' is unknown and 
is being
(LaTeX3)        ignored.

For immediate help type H <return>.
 ...                                              
                                                  
l.61     \clearpage
                   

The module 'fontspec-opentype' does not have a key called
'fontspec-opentype/script'.
Check that you have spelled the key name correctly.



./main.tex:61: LaTeX3 Error: The key 'fontspec-opentype/script' is unknown and 
is being
(LaTeX3)        ignored.

For immediate help type H <return>.
 ...                                              
                                                  
l.61     \clearpage
                   

The module 'fontspec-opentype' does not have a key called
'fontspec-opentype/script'.
Check that you have spelled the key name correctly.



./main.tex:61: LaTeX3 Error: The key 'fontspec-opentype/script' is unknown and 
is being
(LaTeX3)        ignored.

For immediate help type H <return>.
 ...                                              
                                                  
l.61     \clearpage
                   

The module 'fontspec-opentype' does not have a key called
'fontspec-opentype/script'.
Check that you have spelled the key name correctly.



./main.tex:61: LaTeX3 Error: The key 'fontspec-opentype/script' is unknown and 
is being
(LaTeX3)        ignored.

For immediate help type H <return>.
 ...                                              
                                                  
l.61     \clearpage
                   

The module 'fontspec-opentype' does not have a key called
'fontspec-opentype/script'.
Check that you have spelled the key name correctly.


[1



]

./main.tex:63: LaTeX3 Error: The key 'fontspec-opentype/script' is unknown and 
is being
(LaTeX3)        ignored.

For immediate help type H <return>.
 ...                                              
                                                  
l.63     \section{บรรณานุกรม}
                              \label{sec:bib}

The module 'fontspec-opentype' does not have a key called
'fontspec-opentype/script'.
Check that you have spelled the key name correctly.



./main.tex:63: LaTeX3 Error: The key 'fontspec-opentype/script' is unknown and 
is being
(LaTeX3)        ignored.

For immediate help type H <return>.
 ...                                              
                                                  
l.63     \section{บรรณานุกรม}
                              \label{sec:bib}

The module 'fontspec-opentype' does not have a key called
'fontspec-opentype/script'.
Check that you have spelled the key name correctly.


The property list \polyglossia@langsetup contains the pairs (without outer
braces):
>  {latex/script}  =>  {latin}
>  {latex/lcscript}  =>  {latin}
>  {latex/scripttag}  =>  {}
>  {latex/language}  =>  {Latex}
>  {latex/langtag}  =>  {ENG}
>  {latex/bcp47}  =>  {}
>  {latex/hyphennames}  =>  {english}
>  {latex/direction}  =>  {LR}
>  {latex/hyphenmins}  =>  {2,3}
>  {latex/frenchspacing}  =>  {false}
>  {latex/indentfirst}  =>  {false}
>  {latex/fontsetup}  =>  {true}
>  {latex/envname}  =>  {latex}
>  {latex/babelname}  =>  {latex}
>  {latex/localnumeral}  =>  {polyglossia@C@localnumeral}
>  {latex/Localnumeral}  =>  {polyglossia@C@localnumeral}
>  {thai/script}  =>  {Thai}
>  {thai/lcscript}  =>  {thai}
>  {thai/scripttag}  =>  {thai}
>  {thai/language}  =>  {Thai}
>  {thai/langtag}  =>  {THA}
>  {thai/bcp47}  =>  {th}
>  {thai/hyphennames}  =>  {nohyphenation}
>  {thai/direction}  =>  {LR}
>  {thai/hyphenmins}  =>  {2,3}
>  {thai/frenchspacing}  =>  {false}
>  {thai/indentfirst}  =>  {false}
>  {thai/fontsetup}  =>  {true}
>  {thai/envname}  =>  {thai}
>  {thai/babelname}  =>  {thai}
>  {thai/localnumeral}  =>  {thainumerals}
>  {thai/Localnumeral}  =>  {thainumerals}
>  {english/script}  =>  {latin}
>  {english/lcscript}  =>  {latin}
>  {english/scripttag}  =>  {}
>  {english/language}  =>  {English}
>  {english/langtag}  =>  {ENG}
>  {english/bcp47}  =>  {en-US}
>  {english/hyphennames}  =>  {english,american,usenglish,USenglish}
>  {english/direction}  =>  {LR}
>  {english/hyphenmins}  =>  {2,3}
>  {english/frenchspacing}  =>  {false}
>  {english/indentfirst}  =>  {false}
>  {english/fontsetup}  =>  {true}
>  {english/envname}  =>  {english}
>  {english/babelname}  =>  {american}
>  {english/localnumeral}  =>  {polyglossia@C@localnumeral}
>  {english/Localnumeral}  =>  {polyglossia@C@localnumeral}.
- LAST -
Extra skip:702.78308pt
Left:702.78308pt/0.0pt
Right:0.0pt/0.0pt
Split: 351.39154pt
Output:351.39154pt
Pageshrink: 0.0pt
Pagestretch: 0.0pt
@colht:702.78308pt
FLUSHEND [output]: 351.39154pt
FLUSHEND [leftcolumn badness]: 1000000
FUSHEND [rightcolumn badness]: 0

./main.tex:65: LaTeX3 Error: The key 'fontspec-opentype/script' is unknown and 
is being
(LaTeX3)        ignored.

For immediate help type H <return>.
 ...                                              
                                                  
l.65 \end{document}
                   

The module 'fontspec-opentype' does not have a key called
'fontspec-opentype/script'.
Check that you have spelled the key name correctly.



./main.tex:65: LaTeX3 Error: The key 'fontspec-opentype/script' is unknown and 
is being
(LaTeX3)        ignored.

For immediate help type H <return>.
 ...                                              
                                                  
l.65 \end{document}
                   

The module 'fontspec-opentype' does not have a key called
'fontspec-opentype/script'.
Check that you have spelled the key name correctly.



./main.tex:65: LaTeX3 Error: The key 'fontspec-opentype/script' is unknown and 
is being
(LaTeX3)        ignored.

For immediate help type H <return>.
 ...                                              
                                                  
l.65 \end{document}
                   

The module 'fontspec-opentype' does not have a key called
'fontspec-opentype/script'.
Check that you have spelled the key name correctly.



./main.tex:65: LaTeX3 Error: The key 'fontspec-opentype/script' is unknown and 
is being
(LaTeX3)        ignored.

For immediate help type H <return>.
 ...                                              
                                                  
l.65 \end{document}
                   

The module 'fontspec-opentype' does not have a key called
'fontspec-opentype/script'.
Check that you have spelled the key name correctly.


[2

] (/Users/vivatsathornthitasirivit/Desktop/git_target/quad_tree/out/main.aux
LaTeX Info: Redefining \rmfamily on input line 3.
LaTeX Info: Redefining \sffamily on input line 3.
LaTeX Info: Redefining \ttfamily on input line 3.


/Users/vivatsathornthitasirivit/Desktop/git_target/quad_tree/out/main.aux:3: La
TeX3 Error: The key 'fontspec-opentype/script' is unknown and is being
(LaTeX3)        ignored.

For immediate help type H <return>.
 ...                                              
                                                  
l.3 \selectlanguage *{thai}
                           

The module 'fontspec-opentype' does not have a key called
'fontspec-opentype/script'.
Check that you have spelled the key name correctly.



/Users/vivatsathornthitasirivit/Desktop/git_target/quad_tree/out/main.aux:3: La
TeX3 Error: The key 'fontspec-opentype/script' is unknown and is being
(LaTeX3)        ignored.

For immediate help type H <return>.
 ...                                              
                                                  
l.3 \selectlanguage *{thai}
                           

The module 'fontspec-opentype' does not have a key called
'fontspec-opentype/script'.
Check that you have spelled the key name correctly.


\thai@year=\count314
)

LaTeX Warning: Label(s) may have changed. Rerun to get cross-references right.

 ) 
Here is how much of TeX's memory you used:
 7287 strings out of 476179
 176510 string characters out of 5809544
 631420 words of memory out of 5000000
 27893 multiletter control sequences out of 15000+600000
 474320 words of font info for 98 fonts, out of 8000000 for 9000
 1348 hyphenation exceptions out of 8191
 73i,15n,91p,299b,411s stack positions out of 10000i,1000n,20000p,200000b,200000s

Output written on /Users/vivatsathornthitasirivit/Desktop/git_target/quad_tree/
out/main.pdf (2 pages).
